<?xml version="1.0" encoding="UTF-8"?>
<!-- Generated by org.testng.reporters.JUnitReportReporter -->
<testsuite name="testCases.CAUniCentre.Closing_Incident" tests="1" time="0.037" ignored="9" failures="0" timestamp="21 Nov 2019 11:57:02 GMT" skipped="0" hostname="LAP06589" errors="1">
  <testcase name="Closing_Incident" time="0.037" classname="testCases.CAUniCentre.Closing_Incident">
    <error type="org.openqa.selenium.NoSuchFrameException" message="No frame element found by name or id menubar
Build info: version: &#039;3.141.59&#039;, revision: &#039;e82be7d358&#039;, time: &#039;2018-11-14T08:17:03&#039;
System info: host: &#039;LAP06589&#039;, ip: &#039;10.194.13.10&#039;, os.name: &#039;Windows 10&#039;, os.arch: &#039;amd64&#039;, os.version: &#039;10.0&#039;, java.version: &#039;1.8.0_222&#039;
Driver info: driver.version: ComponentDriver">
      <![CDATA[org.openqa.selenium.NoSuchFrameException: No frame element found by name or id menubar
Build info: version: '3.141.59', revision: 'e82be7d358', time: '2018-11-14T08:17:03'
System info: host: 'LAP06589', ip: '10.194.13.10', os.name: 'Windows 10', os.arch: 'amd64', os.version: '10.0', java.version: '1.8.0_222'
Driver info: driver.version: ComponentDriver
	at org.openqa.selenium.remote.RemoteWebDriver$RemoteTargetLocator.frame(RemoteWebDriver.java:885)
	at components.Components.Closing_Incident(Components.java:1062)
	at frameworkCore.ComponentDriver.Executekeywords(ComponentDriver.java:79)
	at testCases.CAUniCentre.Closing_Incident.Closing_Incident(Closing_Incident.java:36)
	at sun.reflect.NativeMethodAccessorImpl.invoke0(Native Method)
	at sun.reflect.NativeMethodAccessorImpl.invoke(NativeMethodAccessorImpl.java:62)
	at sun.reflect.DelegatingMethodAccessorImpl.invoke(DelegatingMethodAccessorImpl.java:43)
	at java.lang.reflect.Method.invoke(Method.java:498)
	at org.testng.internal.MethodInvocationHelper.invokeMethod(MethodInvocationHelper.java:104)
	at org.testng.internal.Invoker.invokeMethod(Invoker.java:645)
	at org.testng.internal.Invoker.invokeTestMethod(Invoker.java:851)
	at org.testng.internal.Invoker.invokeTestMethods(Invoker.java:1177)
	at org.testng.internal.TestMethodWorker.invokeTestMethods(TestMethodWorker.java:129)
	at org.testng.internal.TestMethodWorker.run(TestMethodWorker.java:112)
	at org.testng.TestRunner.privateRun(TestRunner.java:756)
	at org.testng.TestRunner.run(TestRunner.java:610)
	at org.testng.SuiteRunner.runTest(SuiteRunner.java:387)
	at org.testng.SuiteRunner.runSequentially(SuiteRunner.java:382)
	at org.testng.SuiteRunner.privateRun(SuiteRunner.java:340)
	at org.testng.SuiteRunner.run(SuiteRunner.java:289)
	at org.testng.SuiteRunnerWorker.runSuite(SuiteRunnerWorker.java:52)
	at org.testng.SuiteRunnerWorker.run(SuiteRunnerWorker.java:86)
	at org.testng.TestNG.runSuitesSequentially(TestNG.java:1293)
	at org.testng.TestNG.runSuitesLocally(TestNG.java:1218)
	at org.testng.TestNG.runSuites(TestNG.java:1133)
	at org.testng.TestNG.run(TestNG.java:1104)
	at org.testng.remote.AbstractRemoteTestNG.run(AbstractRemoteTestNG.java:115)
	at org.testng.remote.RemoteTestNG.initAndRun(RemoteTestNG.java:251)
	at org.testng.remote.RemoteTestNG.main(RemoteTestNG.java:77)
]]>
    </error>
  </testcase> <!-- Closing_Incident -->
  <testcase name="setup" classname="resources.base.WebBase">
    <skipped/>
  </testcase> <!-- setup -->
  <testcase name="setup" classname="resources.base.WebBase">
    <skipped/>
  </testcase> <!-- setup -->
  <testcase name="setup" classname="resources.base.WebBase">
    <skipped/>
  </testcase> <!-- setup -->
  <testcase name="setup" classname="resources.base.WebBase">
    <skipped/>
  </testcase> <!-- setup -->
  <testcase name="setup" classname="resources.base.WebBase">
    <skipped/>
  </testcase> <!-- setup -->
  <testcase name="setup" classname="resources.base.WebBase">
    <skipped/>
  </testcase> <!-- setup -->
  <testcase name="setup" classname="resources.base.WebBase">
    <skipped/>
  </testcase> <!-- setup -->
  <testcase name="setup" classname="resources.base.WebBase">
    <skipped/>
  </testcase> <!-- setup -->
  <testcase name="setup" classname="resources.base.WebBase">
    <skipped/>
  </testcase> <!-- setup -->
</testsuite> <!-- testCases.CAUniCentre.Closing_Incident -->
